<?xml version="1.0" encoding="UTF-8"?>
<coverage generated="1786342185493" clover="3.2.0">
  <project timestamp="1786342185493" name="All files">
    <metrics statements="26" coveredstatements="26" conditionals="11" coveredconditionals="11" methods="10" coveredmethods="10" elements="47" coveredelements="47" complexity="0" loc="26" ncloc="26" packages="1" files="4" classes="4"/>
    <file name="agent-memory.ts" path="/home/<operator>/src/repos/github.com/r4ai/news-podcast/packages/domain/src/agent-memory.ts">
      <metrics statements="4" coveredstatements="4" conditionals="2" coveredconditionals="2" methods="2" coveredmethods="2"/>
      <line num="1" count="1" type="stmt"/>
      <line num="9" count="1" type="stmt"/>
      <line num="19" count="3" type="cond" truecount="2" falsecount="0"/>
      <line num="23" count="3" type="stmt"/>
    </file>
    <file name="agent-run.ts" path="/home/<operator>/src/repos/github.com/r4ai/news-podcast/packages/domain/src/agent-run.ts">
      <metrics statements="8" coveredstatements="8" conditionals="2" coveredconditionals="2" methods="3" coveredmethods="3"/>
      <line num="1" count="1" type="stmt"/>
      <line num="15" count="1" type="stmt"/>
      <line num="33" count="37" type="stmt"/>
      <line num="34" count="37" type="stmt"/>
      <line num="42" count="49" type="cond" truecount="2" falsecount="0"/>
      <line num="43" count="37" type="stmt"/>
      <line num="45" count="12" type="stmt"/>
      <line num="49" count="7" type="stmt"/>
    </file>
    <file name="episode-job.ts" path="/home/<operator>/src/repos/github.com/r4ai/news-podcast/packages/domain/src/episode-job.ts">
      <metrics statements="8" coveredstatements="8" conditionals="2" coveredconditionals="2" methods="3" coveredmethods="3"/>
      <line num="1" count="1" type="stmt"/>
      <line num="12" count="1" type="stmt"/>
      <line num="23" count="28" type="stmt"/>
      <line num="24" count="28" type="stmt"/>
      <line num="29" count="36" type="cond" truecount="2" falsecount="0"/>
      <line num="30" count="28" type="stmt"/>
      <line num="33" count="8" type="stmt"/>
      <line num="37" count="6" type="stmt"/>
    </file>
    <file name="idempotency-key.ts" path="/home/<operator>/src/repos/github.com/r4ai/news-podcast/packages/domain/src/idempotency-key.ts">
      <metrics statements="6" coveredstatements="6" conditionals="5" coveredconditionals="5" methods="2" coveredmethods="2"/>
      <line num="1" count="1" type="stmt"/>
      <line num="5" count="4" type="stmt"/>
      <line num="6" count="4" type="stmt"/>
      <line num="11" count="7" type="cond" truecount="5" falsecount="0"/>
      <line num="12" count="4" type="stmt"/>
      <line num="15" count="3" type="stmt"/>
    </file>
  </project>
</coverage>
