<?xml version="1.0" encoding="UTF-8"?>
<coverage generated="1786280674462" clover="3.2.0">
  <project timestamp="1786280674462" name="All files">
    <metrics statements="14" coveredstatements="14" conditionals="7" coveredconditionals="7" methods="5" coveredmethods="5" elements="26" coveredelements="26" complexity="0" loc="14" ncloc="14" packages="1" files="2" classes="2"/>
    <file name="episode-job.ts" path="C:\Users\r4ai\src\repos\github.com\r4ai\news-podcast\packages\domain\src\episode-job.ts">
      <metrics statements="8" coveredstatements="8" conditionals="2" coveredconditionals="2" methods="3" coveredmethods="3"/>
      <line num="1" count="1" type="stmt"/>
      <line num="12" count="1" type="stmt"/>
      <line num="23" count="28" type="stmt"/>
      <line num="24" count="28" type="stmt"/>
      <line num="29" count="36" type="cond" truecount="2" falsecount="0"/>
      <line num="30" count="28" type="stmt"/>
      <line num="33" count="8" type="stmt"/>
      <line num="37" count="6" type="stmt"/>
    </file>
    <file name="idempotency-key.ts" path="C:\Users\r4ai\src\repos\github.com\r4ai\news-podcast\packages\domain\src\idempotency-key.ts">
      <metrics statements="6" coveredstatements="6" conditionals="5" coveredconditionals="5" methods="2" coveredmethods="2"/>
      <line num="1" count="1" type="stmt"/>
      <line num="5" count="4" type="stmt"/>
      <line num="6" count="4" type="stmt"/>
      <line num="11" count="7" type="cond" truecount="5" falsecount="0"/>
      <line num="12" count="4" type="stmt"/>
      <line num="15" count="3" type="stmt"/>
    </file>
  </project>
</coverage>
