{"C:\\Users\\r4ai\\Documents\\Codex\\2026-08-09\\news-podcast-app\\packages\\domain\\src\\episode-job.ts": {"path":"C:\\Users\\r4ai\\Documents\\Codex\\2026-08-09\\news-podcast-app\\packages\\domain\\src\\episode-job.ts","statementMap":{"0":{"start":{"line":1,"column":28},"end":{"line":7,"column":null}},"1":{"start":{"line":11,"column":76},"end":{"line":17,"column":null}},"2":{"start":{"line":21,"column":4},"end":{"line":21,"column":null}},"3":{"start":{"line":22,"column":4},"end":{"line":22,"column":null}},"4":{"start":{"line":27,"column":2},"end":{"line":29,"column":null}},"5":{"start":{"line":28,"column":4},"end":{"line":28,"column":null}},"6":{"start":{"line":31,"column":2},"end":{"line":31,"column":null}},"7":{"start":{"line":35,"column":2},"end":{"line":35,"column":null}}},"fnMap":{"0":{"name":"constructor","decl":{"start":{"line":20,"column":2},"end":{"line":20,"column":14}},"loc":{"start":{"line":20,"column":46},"end":{"line":23,"column":null}},"line":20},"1":{"name":"transitionJob","decl":{"start":{"line":26,"column":16},"end":{"line":26,"column":30}},"loc":{"start":{"line":26,"column":73},"end":{"line":32,"column":null}},"line":26},"2":{"name":"isTerminalJobStatus","decl":{"start":{"line":34,"column":16},"end":{"line":34,"column":36}},"loc":{"start":{"line":34,"column":64},"end":{"line":36,"column":null}},"line":34}},"branchMap":{"0":{"loc":{"start":{"line":27,"column":2},"end":{"line":29,"column":null}},"type":"if","locations":[{"start":{"line":27,"column":2},"end":{"line":29,"column":null}},{"start":{},"end":{}}],"line":27}},"s":{"0":1,"1":1,"2":20,"3":20,"4":25,"5":20,"6":5,"7":5},"f":{"0":20,"1":25,"2":5},"b":{"0":[20,5]},"meta":{"lastBranch":1,"lastFunction":3,"lastStatement":8,"seen":{"s:1:28:7:Infinity":0,"s:11:76:17:Infinity":1,"f:20:2:20:14":0,"s:21:4:21:Infinity":2,"s:22:4:22:Infinity":3,"f:26:16:26:30":1,"b:27:2:29:Infinity:undefined:undefined:undefined:undefined":0,"s:27:2:29:Infinity":4,"s:28:4:28:Infinity":5,"s:31:2:31:Infinity":6,"f:34:16:34:36":2,"s:35:2:35:Infinity":7},"fnNames":{}}}
,"C:\\Users\\r4ai\\Documents\\Codex\\2026-08-09\\news-podcast-app\\packages\\domain\\src\\idempotency-key.ts": {"path":"C:\\Users\\r4ai\\Documents\\Codex\\2026-08-09\\news-podcast-app\\packages\\domain\\src\\idempotency-key.ts","statementMap":{"0":{"start":{"line":1,"column":22},"end":{"line":1,"column":null}},"1":{"start":{"line":5,"column":4},"end":{"line":5,"column":null}},"2":{"start":{"line":6,"column":4},"end":{"line":6,"column":null}},"3":{"start":{"line":11,"column":2},"end":{"line":13,"column":null}},"4":{"start":{"line":12,"column":4},"end":{"line":12,"column":null}},"5":{"start":{"line":15,"column":2},"end":{"line":15,"column":null}}},"fnMap":{"0":{"name":"constructor","decl":{"start":{"line":4,"column":2},"end":{"line":4,"column":16}},"loc":{"start":{"line":4,"column":16},"end":{"line":7,"column":null}},"line":4},"1":{"name":"validateIdempotencyKey","decl":{"start":{"line":10,"column":16},"end":{"line":10,"column":39}},"loc":{"start":{"line":10,"column":62},"end":{"line":16,"column":null}},"line":10}},"branchMap":{"0":{"loc":{"start":{"line":11,"column":2},"end":{"line":13,"column":null}},"type":"if","locations":[{"start":{"line":11,"column":2},"end":{"line":13,"column":null}},{"start":{},"end":{}}],"line":11},"1":{"loc":{"start":{"line":11,"column":6},"end":{"line":11,"column":78}},"type":"binary-expr","locations":[{"start":{"line":11,"column":6},"end":{"line":11,"column":28}},{"start":{"line":11,"column":28},"end":{"line":11,"column":50}},{"start":{"line":11,"column":50},"end":{"line":11,"column":78}}],"line":11}},"s":{"0":1,"1":4,"2":4,"3":7,"4":4,"5":3},"f":{"0":4,"1":7},"b":{"0":[4,3],"1":[7,6,5]},"meta":{"lastBranch":2,"lastFunction":2,"lastStatement":6,"seen":{"s:1:22:1:Infinity":0,"f:4:2:4:16":0,"s:5:4:5:Infinity":1,"s:6:4:6:Infinity":2,"f:10:16:10:39":1,"b:11:2:13:Infinity:undefined:undefined:undefined:undefined":0,"s:11:2:13:Infinity":3,"b:11:6:11:28:11:28:11:50:11:50:11:78":1,"s:12:4:12:Infinity":4,"s:15:2:15:Infinity":5},"fnNames":{}}}
}
