{"/home/<operator>/src/repos/github.com/r4ai/news-podcast/packages/domain/src/agent-memory.ts": {"path":"/home/<operator>/src/repos/github.com/r4ai/news-podcast/packages/domain/src/agent-memory.ts","statementMap":{"0":{"start":{"line":1,"column":34},"end":{"line":5,"column":null}},"1":{"start":{"line":9,"column":37},"end":{"line":14,"column":null}},"2":{"start":{"line":19,"column":2},"end":{"line":19,"column":null}},"3":{"start":{"line":23,"column":2},"end":{"line":23,"column":null}}},"fnMap":{"0":{"name":"initialMemoryStatus","decl":{"start":{"line":18,"column":16},"end":{"line":18,"column":36}},"loc":{"start":{"line":18,"column":78},"end":{"line":20,"column":null}},"line":18},"1":{"name":"canAgentAutoActivateMemory","decl":{"start":{"line":22,"column":16},"end":{"line":22,"column":43}},"loc":{"start":{"line":22,"column":75},"end":{"line":24,"column":null}},"line":22}},"branchMap":{"0":{"loc":{"start":{"line":19,"column":9},"end":{"line":19,"column":null}},"type":"cond-expr","locations":[{"start":{"line":19,"column":38},"end":{"line":19,"column":49}},{"start":{"line":19,"column":49},"end":{"line":19,"column":null}}],"line":19}},"s":{"0":1,"1":1,"2":3,"3":3},"f":{"0":3,"1":3},"b":{"0":[1,2]},"meta":{"lastBranch":1,"lastFunction":2,"lastStatement":4,"seen":{"s:1:34:5:Infinity":0,"s:9:37:14:Infinity":1,"f:18:16:18:36":0,"s:19:2:19:Infinity":2,"b:19:38:19:49:19:49:19:Infinity":0,"f:22:16:22:43":1,"s:23:2:23:Infinity":3},"fnNames":{}}}
,"/home/<operator>/src/repos/github.com/r4ai/news-podcast/packages/domain/src/agent-run.ts": {"path":"/home/<operator>/src/repos/github.com/r4ai/news-podcast/packages/domain/src/agent-run.ts","statementMap":{"0":{"start":{"line":1,"column":34},"end":{"line":9,"column":null}},"1":{"start":{"line":15,"column":4},"end":{"line":29,"column":null}},"2":{"start":{"line":33,"column":4},"end":{"line":33,"column":null}},"3":{"start":{"line":34,"column":4},"end":{"line":34,"column":null}},"4":{"start":{"line":42,"column":2},"end":{"line":44,"column":null}},"5":{"start":{"line":43,"column":4},"end":{"line":43,"column":null}},"6":{"start":{"line":45,"column":2},"end":{"line":45,"column":null}},"7":{"start":{"line":49,"column":2},"end":{"line":49,"column":null}}},"fnMap":{"0":{"name":"constructor","decl":{"start":{"line":32,"column":2},"end":{"line":32,"column":14}},"loc":{"start":{"line":32,"column":56},"end":{"line":35,"column":null}},"line":32},"1":{"name":"transitionAgentRun","decl":{"start":{"line":38,"column":16},"end":{"line":38,"column":null}},"loc":{"start":{"line":41,"column":18},"end":{"line":46,"column":null}},"line":41},"2":{"name":"isTerminalAgentRunStatus","decl":{"start":{"line":48,"column":16},"end":{"line":48,"column":41}},"loc":{"start":{"line":48,"column":74},"end":{"line":50,"column":null}},"line":48}},"branchMap":{"0":{"loc":{"start":{"line":42,"column":2},"end":{"line":44,"column":null}},"type":"if","locations":[{"start":{"line":42,"column":2},"end":{"line":44,"column":null}},{"start":{},"end":{}}],"line":42}},"s":{"0":1,"1":1,"2":37,"3":37,"4":49,"5":37,"6":12,"7":7},"f":{"0":37,"1":49,"2":7},"b":{"0":[37,12]},"meta":{"lastBranch":1,"lastFunction":3,"lastStatement":8,"seen":{"s:1:34:9:Infinity":0,"s:15:4:29:Infinity":1,"f:32:2:32:14":0,"s:33:4:33:Infinity":2,"s:34:4:34:Infinity":3,"f:38:16:38:Infinity":1,"b:42:2:44:Infinity:undefined:undefined:undefined:undefined":0,"s:42:2:44:Infinity":4,"s:43:4:43:Infinity":5,"s:45:2:45:Infinity":6,"f:48:16:48:41":2,"s:49:2:49:Infinity":7},"fnNames":{}}}
,"/home/<operator>/src/repos/github.com/r4ai/news-podcast/packages/domain/src/episode-job.ts": {"path":"/home/<operator>/src/repos/github.com/r4ai/news-podcast/packages/domain/src/episode-job.ts","statementMap":{"0":{"start":{"line":1,"column":28},"end":{"line":8,"column":null}},"1":{"start":{"line":12,"column":76},"end":{"line":19,"column":null}},"2":{"start":{"line":23,"column":4},"end":{"line":23,"column":null}},"3":{"start":{"line":24,"column":4},"end":{"line":24,"column":null}},"4":{"start":{"line":29,"column":2},"end":{"line":31,"column":null}},"5":{"start":{"line":30,"column":4},"end":{"line":30,"column":null}},"6":{"start":{"line":33,"column":2},"end":{"line":33,"column":null}},"7":{"start":{"line":37,"column":2},"end":{"line":37,"column":null}}},"fnMap":{"0":{"name":"constructor","decl":{"start":{"line":22,"column":2},"end":{"line":22,"column":14}},"loc":{"start":{"line":22,"column":46},"end":{"line":25,"column":null}},"line":22},"1":{"name":"transitionJob","decl":{"start":{"line":28,"column":16},"end":{"line":28,"column":30}},"loc":{"start":{"line":28,"column":73},"end":{"line":34,"column":null}},"line":28},"2":{"name":"isTerminalJobStatus","decl":{"start":{"line":36,"column":16},"end":{"line":36,"column":36}},"loc":{"start":{"line":36,"column":64},"end":{"line":38,"column":null}},"line":36}},"branchMap":{"0":{"loc":{"start":{"line":29,"column":2},"end":{"line":31,"column":null}},"type":"if","locations":[{"start":{"line":29,"column":2},"end":{"line":31,"column":null}},{"start":{},"end":{}}],"line":29}},"s":{"0":1,"1":1,"2":28,"3":28,"4":36,"5":28,"6":8,"7":6},"f":{"0":28,"1":36,"2":6},"b":{"0":[28,8]},"meta":{"lastBranch":1,"lastFunction":3,"lastStatement":8,"seen":{"s:1:28:8:Infinity":0,"s:12:76:19:Infinity":1,"f:22:2:22:14":0,"s:23:4:23:Infinity":2,"s:24:4:24:Infinity":3,"f:28:16:28:30":1,"b:29:2:31:Infinity:undefined:undefined:undefined:undefined":0,"s:29:2:31:Infinity":4,"s:30:4:30:Infinity":5,"s:33:2:33:Infinity":6,"f:36:16:36:36":2,"s:37:2:37:Infinity":7},"fnNames":{}}}
,"/home/<operator>/src/repos/github.com/r4ai/news-podcast/packages/domain/src/idempotency-key.ts": {"path":"/home/<operator>/src/repos/github.com/r4ai/news-podcast/packages/domain/src/idempotency-key.ts","statementMap":{"0":{"start":{"line":1,"column":22},"end":{"line":1,"column":null}},"1":{"start":{"line":5,"column":4},"end":{"line":5,"column":null}},"2":{"start":{"line":6,"column":4},"end":{"line":6,"column":null}},"3":{"start":{"line":11,"column":2},"end":{"line":13,"column":null}},"4":{"start":{"line":12,"column":4},"end":{"line":12,"column":null}},"5":{"start":{"line":15,"column":2},"end":{"line":15,"column":null}}},"fnMap":{"0":{"name":"constructor","decl":{"start":{"line":4,"column":2},"end":{"line":4,"column":16}},"loc":{"start":{"line":4,"column":16},"end":{"line":7,"column":null}},"line":4},"1":{"name":"validateIdempotencyKey","decl":{"start":{"line":10,"column":16},"end":{"line":10,"column":39}},"loc":{"start":{"line":10,"column":62},"end":{"line":16,"column":null}},"line":10}},"branchMap":{"0":{"loc":{"start":{"line":11,"column":2},"end":{"line":13,"column":null}},"type":"if","locations":[{"start":{"line":11,"column":2},"end":{"line":13,"column":null}},{"start":{},"end":{}}],"line":11},"1":{"loc":{"start":{"line":11,"column":6},"end":{"line":11,"column":78}},"type":"binary-expr","locations":[{"start":{"line":11,"column":6},"end":{"line":11,"column":28}},{"start":{"line":11,"column":28},"end":{"line":11,"column":50}},{"start":{"line":11,"column":50},"end":{"line":11,"column":78}}],"line":11}},"s":{"0":1,"1":4,"2":4,"3":7,"4":4,"5":3},"f":{"0":4,"1":7},"b":{"0":[4,3],"1":[7,6,5]},"meta":{"lastBranch":2,"lastFunction":2,"lastStatement":6,"seen":{"s:1:22:1:Infinity":0,"f:4:2:4:16":0,"s:5:4:5:Infinity":1,"s:6:4:6:Infinity":2,"f:10:16:10:39":1,"b:11:2:13:Infinity:undefined:undefined:undefined:undefined":0,"s:11:2:13:Infinity":3,"b:11:6:11:28:11:28:11:50:11:50:11:78":1,"s:12:4:12:Infinity":4,"s:15:2:15:Infinity":5},"fnNames":{}}}
}
